<?xml version="1.0" encoding="UTF-8"?>
<testsuite xmlns:xsi="http://www.w3.org/2001/XMLSchema-instance" xsi:noNamespaceSchemaLocation="https://maven.apache.org/surefire/maven-surefire-plugin/xsd/surefire-test-report.xsd" version="3.0.2" name="com.request.group3.Group3ApplicationTests" time="8.468" tests="1" errors="0" skipped="0" failures="0">
  <properties>
[...]
</properties>
  <testcase name="contextLoads" classname="com.request.group3.Group3ApplicationTests" time="0.547">
    <system-out><![CDATA[20:47:23.582 [main] INFO org.springframework.test.context.support.AnnotationConfigContextLoaderUtils -- Could not detect default configuration classes for test class [com.request.group3.Group3ApplicationTests]: Group3ApplicationTests does not declare any static, non-private, non-final, nested classes annotated with @Configuration.
20:47:23.782 [main] INFO org.springframework.boot.test.context.SpringBootTestContextBootstrapper -- Found @SpringBootConfiguration com.request.group3.Group3Application for test class com.request.group3.Group3ApplicationTests
20:47:23.972 [main] INFO org.springframework.boot.devtools.restart.RestartApplicationListener -- Restart disabled due to context in which it is running

  .   ____          _            __ _ _
 /\\ / ___'_ __ _ _(_)_ __  __ _ \ \ \ \
( ( )\___ | '_ | '_| | '_ \/ _` | \ \ \ \
 \\/  ___)| |_)| | | | | || (_| |  ) ) ) )
  '  |____| .__|_| |_|_| |_\__, | / / / /
 =========|_|==============|___/=/_/_/_/

 :: Spring Boot ::                (v3.4.0)

2024-11-25T20:47:24.285+07:00  INFO 26416 --- [group3] [           main] c.request.group3.Group3ApplicationTests  : Starting Group3ApplicationTests using Java 21.0.4 with PID 26416 (started by asus in C:\Users\asus\Documents\cs261\cs261-group3-100001)
2024-11-25T20:47:24.286+07:00  INFO 26416 --- [group3] [           main] c.request.group3.Group3ApplicationTests  : No active profile set, falling back to 1 default profile: "default"
2024-11-25T20:47:25.460+07:00  INFO 26416 --- [group3] [           main] .s.d.r.c.RepositoryConfigurationDelegate : Bootstrapping Spring Data JPA repositories in DEFAULT mode.
2024-11-25T20:47:25.524+07:00  INFO 26416 --- [group3] [           main] .s.d.r.c.RepositoryConfigurationDelegate : Finished Spring Data repository scanning in 52 ms. Found 2 JPA repository interfaces.
2024-11-25T20:47:26.530+07:00  INFO 26416 --- [group3] [           main] o.hibernate.jpa.internal.util.LogHelper  : HHH000204: Processing PersistenceUnitInfo [name: default]
2024-11-25T20:47:26.650+07:00  INFO 26416 --- [group3] [           main] org.hibernate.Version                    : HHH000412: Hibernate ORM core version 6.6.2.Final
2024-11-25T20:47:26.724+07:00  INFO 26416 --- [group3] [           main] o.h.c.internal.RegionFactoryInitiator    : HHH000026: Second-level cache disabled
2024-11-25T20:47:27.230+07:00  INFO 26416 --- [group3] [           main] o.s.o.j.p.SpringPersistenceUnitInfo      : No LoadTimeWeaver setup: ignoring JPA class transformer
2024-11-25T20:47:27.271+07:00  INFO 26416 --- [group3] [           main] com.zaxxer.hikari.HikariDataSource       : HikariPool-1 - Starting...
2024-11-25T20:47:27.584+07:00  INFO 26416 --- [group3] [           main] com.zaxxer.hikari.pool.HikariPool        : HikariPool-1 - Added connection ConnectionID:1 ClientConnectionId: 8f16d05f-8867-437a-bfe0-04973c836e85
2024-11-25T20:47:27.588+07:00  INFO 26416 --- [group3] [           main] com.zaxxer.hikari.HikariDataSource       : HikariPool-1 - Start completed.
2024-11-25T20:47:27.624+07:00  WARN 26416 --- [group3] [           main] org.hibernate.dialect.Dialect            : HHH000511: The 10.0.0 version for [org.hibernate.dialect.SQLServerDialect] is no longer supported, hence certain features may not work properly. The minimum supported version is 11.0.0. Check the community dialects project for available legacy versions.
2024-11-25T20:47:27.629+07:00  WARN 26416 --- [group3] [           main] org.hibernate.orm.deprecation            : HHH90000025: SQLServerDialect does not need to be specified explicitly using 'hibernate.dialect' (remove the property setting and it will be selected by default)
2024-11-25T20:47:27.657+07:00  INFO 26416 --- [group3] [           main] org.hibernate.orm.connections.pooling    : HHH10001005: Database info:
	Database JDBC URL [Connecting through datasource 'HikariDataSource (HikariPool-1)']
	Database driver: undefined/unknown
	Database version: 10.0
	Autocommit mode: undefined/unknown
	Isolation level: undefined/unknown
	Minimum pool size: undefined/unknown
	Maximum pool size: undefined/unknown
2024-11-25T20:47:28.540+07:00  INFO 26416 --- [group3] [           main] o.h.e.t.j.p.i.JtaPlatformInitiator       : HHH000489: No JTA platform available (set 'hibernate.transaction.jta.platform' to enable JTA platform integration)
2024-11-25T20:47:28.629+07:00  INFO 26416 --- [group3] [           main] j.LocalContainerEntityManagerFactoryBean : Initialized JPA EntityManagerFactory for persistence unit 'default'
2024-11-25T20:47:29.833+07:00  WARN 26416 --- [group3] [           main] JpaBaseConfiguration$JpaWebConfiguration : spring.jpa.open-in-view is enabled by default. Therefore, database queries may be performed during view rendering. Explicitly configure spring.jpa.open-in-view to disable this warning
2024-11-25T20:47:31.076+07:00  INFO 26416 --- [group3] [           main] o.s.b.a.e.web.EndpointLinksResolver      : Exposing 1 endpoint beneath base path '/actuator'
2024-11-25T20:47:31.195+07:00  INFO 26416 --- [group3] [           main] c.request.group3.Group3ApplicationTests  : Started Group3ApplicationTests in 7.237 seconds (process running for 8.543)
]]></system-out>
    <system-err><![CDATA[Mockito is currently self-attaching to enable the inline-mock-maker. This will no longer work in future releases of the JDK. Please add Mockito as an agent to your build what is described in Mockito's documentation: https://javadoc.io/doc/org.mockito/mockito-core/latest/org/mockito/Mockito.html#0.3
WARNING: A Java agent has been loaded dynamically (C:\Users\asus\.m2\repository\net\bytebuddy\byte-buddy-agent\1.15.10\byte-buddy-agent-1.15.10.jar)
WARNING: If a serviceability tool is in use, please run with -XX:+EnableDynamicAgentLoading to hide this warning
WARNING: If a serviceability tool is not in use, please run with -Djdk.instrument.traceUsage for more information
WARNING: Dynamic loading of agents will be disallowed by default in a future release
]]></system-err>
  </testcase>
</testsuite>